This is pdfTeXk, Version 3.141592-1.40.3 (Web2C 7.5.6) (format=pdflatex 2015.9.24)  28 JUN 2017 14:51
entering extended mode
 %&-line parsing enabled.
**paper.tex
(./paper.tex
LaTeX2e <2005/12/01>
Babel <v3.8h> and hyphenation patterns for english, usenglishmax, dumylang, noh
yphenation, arabic, basque, bulgarian, coptic, welsh, czech, slovak, german, ng
erman, danish, esperanto, spanish, catalan, galician, estonian, farsi, finnish,
 french, greek, monogreek, ancientgreek, croatian, hungarian, interlingua, ibyc
us, indonesian, icelandic, italian, latin, mongolian, dutch, norsk, polish, por
tuguese, pinyin, romanian, russian, slovenian, uppersorbian, serbian, swedish, 
turkish, ukenglish, ukrainian, loaded.
(/usr/share/texmf/tex/latex/revtex/revtex4.cls
Document Class: revtex4 2001/08/02 v4.0 (http://publish.aps.org/revtex4/ for do
cumentation)
 Copyright (c) 2001 The American Physical Society.
 mailto:revtex@aps.org
 Licensed under the LPPL:
http://www.ctan.org/tex-archive/macros/latex/base/lppl.txt
 Arthur Ogawa <ogawa@teleport.com>
 Based on work by David Carlisle <david@dcarlisle.demon.co.uk>.
ltxutil: portions licensed from W. E. Baxter (web@superscript.com)
Class revtex4 Info: Repairing broken LateX \@sect on input line 596.
\intertabularlinepenalty=\count79
\@tbpen=\count80
\@arstrutbox@hline=\box26
Class revtex4 Info: Repairing broken LaTeX \@xbitor on input line 1610.
ltxgrid: portions licensed from W. E. Baxter (web@superscript.com)
\c@linecount=\count81
\output=\toks14
\@protection@box=\box27
\@topmark@saved=\toks15
\footins@saved=\box28
\pagesofar=\box29
\footbox=\box30
\pagegrid@col=\count82
Class revtex4 Info: Incorporating package {textcase}  [1998/11/12 v0.06 Text on
ly upper/lower case changing (DPC)]. on input line 3682.
(/usr/share/texmf/tex/latex/ltxmisc/url.sty
\Urlmuskip=\muskip10
Package: url 2005/06/27  ver 3.2  Verb mode for urls, etc.
)
\c@affil=\count83
\absbox=\box31
\c@part=\count84
\c@section=\count85
\c@subsection=\count86
\c@subsubsection=\count87
\c@paragraph=\count88
\c@subparagraph=\count89
\abovecaptionskip=\skip41
\belowcaptionskip=\skip42
\c@figure=\count90
\c@table=\count91

(/usr/share/texmf/tex/latex/natbib/natbib.sty
Package: natbib 2007/02/05 8.0 (PWD)
\bibhang=\skip43
\bibsep=\skip44
LaTeX Info: Redefining \cite on input line 602.
\c@NAT@ctr=\count92
)
\widetext@top=\box32
\widetext@bot=\box33

(/usr/share/texmf/tex/latex/revtex/revsymb.sty
Package: revsymb 2001/08/02 v4.0 (http://publish.aps.org/revtex4/ for documenta
tion)
LaTeX Info: Redefining \REV@mathfrak on input line 118.
))
(/usr/share/texmf/tex/latex/revtex/aps.rtx
File: aps.rtx 2001/08/02 v4.0 (http://publish.aps.org/revtex4/ for documentatio
n)
)
(/usr/share/texmf/tex/latex/revtex/10pt.rtx
File: 10pt.rtx 2001/08/02 v4.0 (http://publish.aps.org/revtex4/ for documentati
on)
)
(/usr/share/texmf/tex/latex/base/inputenc.sty
Package: inputenc 2006/05/05 v1.1b Input encoding file
\inpenc@prehook=\toks16
\inpenc@posthook=\toks17

(/usr/share/texmf/tex/latex/base/latin1.def
File: latin1.def 2006/05/05 v1.1b Input encoding file
))
(/usr/share/texmf/tex/latex/graphics/graphicx.sty
Package: graphicx 1999/02/16 v1.0f Enhanced LaTeX Graphics (DPC,SPQR)

(/usr/share/texmf/tex/latex/graphics/keyval.sty
Package: keyval 1999/03/16 v1.13 key=value parser (DPC)
\KV@toks@=\toks18
)
(/usr/share/texmf/tex/latex/graphics/graphics.sty
Package: graphics 2006/02/20 v1.0o Standard LaTeX Graphics (DPC,SPQR)

(/usr/share/texmf/tex/latex/graphics/trig.sty
Package: trig 1999/03/16 v1.09 sin cos tan (DPC)
)
(/usr/share/texmf/tex/latex/config/graphics.cfg
File: graphics.cfg 2007/01/18 v1.5 graphics configuration of teTeX/TeXLive
)
Package graphics Info: Driver file: pdftex.def on input line 90.

(/usr/share/texmf/tex/latex/pdftex-def/pdftex.def
File: pdftex.def 2007/01/08 v0.04d Graphics/color for pdfTeX
\Gread@gobject=\count93
))
\Gin@req@height=\dimen102
\Gin@req@width=\dimen103
)

! LaTeX Error: File `physics.sty' not found.

Type X to quit or <RETURN> to proceed,
or enter new name. (Default extension: sty)

Enter file name: 
! Emergency stop.
<read *> 
         
l.5 \usepackage
               {siunitx}^^M
*** (cannot \read from terminal in nonstop modes)

 
Here is how much of TeX's memory you used:
 2063 strings out of 256214
 25240 string characters out of 1917000
 83434 words of memory out of 1500000
 5396 multiletter control sequences out of 10000+200000
 3640 words of font info for 14 fonts, out of 1200000 for 2000
 645 hyphenation exceptions out of 8191
 25i,0n,21p,202b,22s stack positions out of 5000i,500n,6000p,200000b,15000s
!  ==> Fatal error occurred, no output PDF file produced!
